<?xml version="1.0" encoding="UTF-8"?>
<testng-results skipped="0" failed="0" ignored="0" total="1" passed="1">
  <reporter-output>
  </reporter-output>
  <suite name="Default suite" duration-ms="10918" started-at="2019-04-18T19:41:08Z" finished-at="2019-04-18T19:41:19Z">
    <groups>
    </groups>
    <test name="Default test" duration-ms="10918" started-at="2019-04-18T19:41:08Z" finished-at="2019-04-18T19:41:19Z">
      <class name="TestCases.GtplBankLoginAutomation">
        <test-method status="PASS" signature="setUp()[pri:0, instance:TestCases.GtplBankLoginAutomation@77cd7a0]" name="setUp" is-config="true" duration-ms="8496" started-at="2019-04-18T19:41:08Z" finished-at="2019-04-18T19:41:16Z">
          <reporter-output>
          </reporter-output>
        </test-method> <!-- setUp -->
        <test-method status="PASS" signature="login()[pri:0, instance:TestCases.GtplBankLoginAutomation@77cd7a0]" name="login" duration-ms="2150" started-at="2019-04-18T19:41:16Z" finished-at="2019-04-18T19:41:19Z">
          <reporter-output>
          </reporter-output>
        </test-method> <!-- login -->
        <test-method status="PASS" signature="closeUp()[pri:0, instance:TestCases.GtplBankLoginAutomation@77cd7a0]" name="closeUp" is-config="true" duration-ms="230" started-at="2019-04-18T19:41:19Z" finished-at="2019-04-18T19:41:19Z">
          <reporter-output>
          </reporter-output>
        </test-method> <!-- closeUp -->
      </class> <!-- TestCases.GtplBankLoginAutomation -->
    </test> <!-- Default test -->
  </suite> <!-- Default suite -->
</testng-results>
